<?xml version="1.0" encoding="UTF-8"?>
<!-- Generated by org.testng.reporters.JUnitXMLReporter -->
<testsuite ignored="0" hostname="DESKTOP-BJAMQSM" failures="0" tests="8" name="FreeCRMTestCases" time="216.231" errors="0" timestamp="2023-02-10T11:59:05 IST">
  <testcase classname="com.crm.qa.testCases.LoginPageTest" name="loginPageTitleTest" time="0.035"/>
  <testcase classname="com.crm.qa.testCases.LoginPageTest" name="crmLogoTest" time="0.208"/>
  <testcase classname="com.crm.qa.testCases.LoginPageTest" name="loginTest" time="14.487"/>
  <testcase classname="com.crm.qa.testCases.HomePageTest" name="verifyHomePageTitleTest" time="0.013"/>
  <testcase classname="com.crm.qa.testCases.HomePageTest" name="verifyUserNameTest" time="0.075"/>
  <testcase classname="com.crm.qa.testCases.HomePageTest" name="verifyContactsTabTest" time="4.57"/>
  <testcase classname="com.crm.qa.testCases.ContactsPageTest" name="verifyContactsPageLabelTest" time="0.081"/>
  <testcase classname="com.crm.qa.testCases.ContactsPageTest" name="verifycontactsDispplayedTest" time="0.159"/>
</testsuite> <!-- FreeCRMTestCases -->
