<?xml version="1.0" encoding="UTF-8"?>
<testng-results ignored="0" total="14" passed="13" failed="1" skipped="0">
  <reporter-output>
  </reporter-output>
  <suite started-at="2023-02-12T10:41:16 IST" name="Free CRM Test Suite" finished-at="2023-02-12T10:48:37 IST" duration-ms="440083">
    <groups>
    </groups>
    <test started-at="2023-02-12T10:41:16 IST" name="Free CRM Test Case" finished-at="2023-02-12T10:48:37 IST" duration-ms="440083">
      <class name="com.crm.qa.testCases.HomePageTest">
        <test-method is-config="true" signature="createObj()[pri:0, instance:com.crm.qa.testCases.HomePageTest@24569dba]" started-at="2023-02-12T10:47:21 IST" name="createObj" finished-at="2023-02-12T10:47:47 IST" duration-ms="25634" status="PASS">
          <reporter-output>
          </reporter-output>
        </test-method> <!-- createObj -->
        <test-method signature="verifyHomePageTitleTest()[pri:1, instance:com.crm.qa.testCases.HomePageTest@24569dba]" started-at="2023-02-12T10:47:47 IST" name="verifyHomePageTitleTest" finished-at="2023-02-12T10:47:47 IST" duration-ms="17" status="PASS">
          <reporter-output>
          </reporter-output>
        </test-method> <!-- verifyHomePageTitleTest -->
        <test-method is-config="true" signature="tearDown()[pri:0, instance:com.crm.qa.testCases.HomePageTest@24569dba]" started-at="2023-02-12T10:47:47 IST" name="tearDown" finished-at="2023-02-12T10:47:47 IST" duration-ms="448" status="PASS">
          <reporter-output>
          </reporter-output>
        </test-method> <!-- tearDown -->
        <test-method is-config="true" signature="createObj()[pri:0, instance:com.crm.qa.testCases.HomePageTest@24569dba]" started-at="2023-02-12T10:47:47 IST" name="createObj" finished-at="2023-02-12T10:48:11 IST" duration-ms="23643" status="PASS">
          <reporter-output>
          </reporter-output>
        </test-method> <!-- createObj -->
        <test-method signature="verifyUserNameTest()[pri:2, instance:com.crm.qa.testCases.HomePageTest@24569dba]" started-at="2023-02-12T10:48:11 IST" name="verifyUserNameTest" finished-at="2023-02-12T10:48:11 IST" duration-ms="55" status="PASS">
          <reporter-output>
          </reporter-output>
        </test-method> <!-- verifyUserNameTest -->
        <test-method is-config="true" signature="tearDown()[pri:0, instance:com.crm.qa.testCases.HomePageTest@24569dba]" started-at="2023-02-12T10:48:11 IST" name="tearDown" finished-at="2023-02-12T10:48:11 IST" duration-ms="245" status="PASS">
          <reporter-output>
          </reporter-output>
        </test-method> <!-- tearDown -->
        <test-method is-config="true" signature="createObj()[pri:0, instance:com.crm.qa.testCases.HomePageTest@24569dba]" started-at="2023-02-12T10:48:11 IST" name="createObj" finished-at="2023-02-12T10:48:33 IST" duration-ms="21265" status="PASS">
          <reporter-output>
          </reporter-output>
        </test-method> <!-- createObj -->
        <test-method signature="verifyContactsTabTest()[pri:3, instance:com.crm.qa.testCases.HomePageTest@24569dba]" started-at="2023-02-12T10:48:33 IST" name="verifyContactsTabTest" finished-at="2023-02-12T10:48:36 IST" duration-ms="3500" status="PASS">
          <reporter-output>
          </reporter-output>
        </test-method> <!-- verifyContactsTabTest -->
        <test-method is-config="true" signature="tearDown()[pri:0, instance:com.crm.qa.testCases.HomePageTest@24569dba]" started-at="2023-02-12T10:48:36 IST" name="tearDown" finished-at="2023-02-12T10:48:37 IST" duration-ms="346" status="PASS">
          <reporter-output>
          </reporter-output>
        </test-method> <!-- tearDown -->
      </class> <!-- com.crm.qa.testCases.HomePageTest -->
      <class name="com.crm.qa.testCases.ContactsPageTest">
        <test-method is-config="true" signature="createObj()[pri:0, instance:com.crm.qa.testCases.ContactsPageTest@3e08ff24]" started-at="2023-02-12T10:42:17 IST" name="createObj" finished-at="2023-02-12T10:42:43 IST" duration-ms="25669" status="PASS">
          <reporter-output>
          </reporter-output>
        </test-method> <!-- createObj -->
        <test-method signature="verifyContactsPageLabelTest()[pri:1, instance:com.crm.qa.testCases.ContactsPageTest@3e08ff24]" started-at="2023-02-12T10:42:43 IST" name="verifyContactsPageLabelTest" finished-at="2023-02-12T10:42:43 IST" duration-ms="74" status="PASS">
          <reporter-output>
          </reporter-output>
        </test-method> <!-- verifyContactsPageLabelTest -->
        <test-method is-config="true" signature="tearDown()[pri:0, instance:com.crm.qa.testCases.ContactsPageTest@3e08ff24]" started-at="2023-02-12T10:42:43 IST" name="tearDown" finished-at="2023-02-12T10:42:43 IST" duration-ms="403" status="PASS">
          <reporter-output>
          </reporter-output>
        </test-method> <!-- tearDown -->
        <test-method is-config="true" signature="createObj()[pri:0, instance:com.crm.qa.testCases.ContactsPageTest@3e08ff24]" started-at="2023-02-12T10:42:43 IST" name="createObj" finished-at="2023-02-12T10:43:09 IST" duration-ms="25370" status="PASS">
          <reporter-output>
          </reporter-output>
        </test-method> <!-- createObj -->
        <test-method signature="verifycontactsDispplayedTest()[pri:2, instance:com.crm.qa.testCases.ContactsPageTest@3e08ff24]" started-at="2023-02-12T10:43:09 IST" name="verifycontactsDispplayedTest" finished-at="2023-02-12T10:43:09 IST" duration-ms="153" status="PASS">
          <reporter-output>
          </reporter-output>
        </test-method> <!-- verifycontactsDispplayedTest -->
        <test-method is-config="true" signature="tearDown()[pri:0, instance:com.crm.qa.testCases.ContactsPageTest@3e08ff24]" started-at="2023-02-12T10:43:09 IST" name="tearDown" finished-at="2023-02-12T10:43:09 IST" duration-ms="319" status="PASS">
          <reporter-output>
          </reporter-output>
        </test-method> <!-- tearDown -->
        <test-method is-config="true" signature="createObj()[pri:0, instance:com.crm.qa.testCases.ContactsPageTest@3e08ff24]" started-at="2023-02-12T10:43:11 IST" name="createObj" finished-at="2023-02-12T10:43:38 IST" duration-ms="27049" status="PASS">
          <reporter-output>
          </reporter-output>
        </test-method> <!-- createObj -->
        <test-method signature="validateCreateNewContact(java.lang.String,java.lang.String,java.lang.String,java.lang.String,java.lang.String)[pri:3, instance:com.crm.qa.testCases.ContactsPageTest@3e08ff24]" started-at="2023-02-12T10:43:38 IST" name="validateCreateNewContact" data-provider="getcontactTestData" finished-at="2023-02-12T10:43:56 IST" duration-ms="18468" status="PASS">
          <params>
            <param index="0">
              <value>
                <![CDATA[Mr.]]>
              </value>
            </param>
            <param index="1">
              <value>
                <![CDATA[Jhon]]>
              </value>
            </param>
            <param index="2">
              <value>
                <![CDATA[Sena]]>
              </value>
            </param>
            <param index="3">
              <value>
                <![CDATA[Amazon]]>
              </value>
            </param>
            <param index="4">
              <value>
                <![CDATA[9.492859526E9]]>
              </value>
            </param>
          </params>
          <reporter-output>
          </reporter-output>
        </test-method> <!-- validateCreateNewContact -->
        <test-method is-config="true" signature="tearDown()[pri:0, instance:com.crm.qa.testCases.ContactsPageTest@3e08ff24]" started-at="2023-02-12T10:43:56 IST" name="tearDown" finished-at="2023-02-12T10:43:57 IST" duration-ms="443" status="PASS">
          <reporter-output>
          </reporter-output>
        </test-method> <!-- tearDown -->
        <test-method is-config="true" signature="createObj()[pri:0, instance:com.crm.qa.testCases.ContactsPageTest@3e08ff24]" started-at="2023-02-12T10:43:57 IST" name="createObj" finished-at="2023-02-12T10:44:23 IST" duration-ms="25957" status="PASS">
          <reporter-output>
          </reporter-output>
        </test-method> <!-- createObj -->
        <test-method signature="validateCreateNewContact(java.lang.String,java.lang.String,java.lang.String,java.lang.String,java.lang.String)[pri:3, instance:com.crm.qa.testCases.ContactsPageTest@3e08ff24]" started-at="2023-02-12T10:44:23 IST" name="validateCreateNewContact" data-provider="getcontactTestData" finished-at="2023-02-12T10:44:30 IST" duration-ms="7651" status="PASS">
          <params>
            <param index="0">
              <value>
                <![CDATA[Dr.]]>
              </value>
            </param>
            <param index="1">
              <value>
                <![CDATA[Tim]]>
              </value>
            </param>
            <param index="2">
              <value>
                <![CDATA[cook]]>
              </value>
            </param>
            <param index="3">
              <value>
                <![CDATA[Google]]>
              </value>
            </param>
            <param index="4">
              <value>
                <![CDATA[9.492859527E9]]>
              </value>
            </param>
          </params>
          <reporter-output>
          </reporter-output>
        </test-method> <!-- validateCreateNewContact -->
        <test-method is-config="true" signature="tearDown()[pri:0, instance:com.crm.qa.testCases.ContactsPageTest@3e08ff24]" started-at="2023-02-12T10:44:30 IST" name="tearDown" finished-at="2023-02-12T10:44:31 IST" duration-ms="424" status="PASS">
          <reporter-output>
          </reporter-output>
        </test-method> <!-- tearDown -->
        <test-method is-config="true" signature="createObj()[pri:0, instance:com.crm.qa.testCases.ContactsPageTest@3e08ff24]" started-at="2023-02-12T10:44:31 IST" name="createObj" finished-at="2023-02-12T10:44:59 IST" duration-ms="27692" status="PASS">
          <reporter-output>
          </reporter-output>
        </test-method> <!-- createObj -->
        <test-method signature="validateCreateNewContact(java.lang.String,java.lang.String,java.lang.String,java.lang.String,java.lang.String)[pri:3, instance:com.crm.qa.testCases.ContactsPageTest@3e08ff24]" started-at="2023-02-12T10:44:59 IST" name="validateCreateNewContact" data-provider="getcontactTestData" finished-at="2023-02-12T10:45:12 IST" duration-ms="13332" status="PASS">
          <params>
            <param index="0">
              <value>
                <![CDATA[Mr.]]>
              </value>
            </param>
            <param index="1">
              <value>
                <![CDATA[Sam]]>
              </value>
            </param>
            <param index="2">
              <value>
                <![CDATA[Chay]]>
              </value>
            </param>
            <param index="3">
              <value>
                <![CDATA[TCS]]>
              </value>
            </param>
            <param index="4">
              <value>
                <![CDATA[9.492859528E9]]>
              </value>
            </param>
          </params>
          <reporter-output>
          </reporter-output>
        </test-method> <!-- validateCreateNewContact -->
        <test-method is-config="true" signature="tearDown()[pri:0, instance:com.crm.qa.testCases.ContactsPageTest@3e08ff24]" started-at="2023-02-12T10:45:12 IST" name="tearDown" finished-at="2023-02-12T10:45:12 IST" duration-ms="470" status="PASS">
          <reporter-output>
          </reporter-output>
        </test-method> <!-- tearDown -->
        <test-method is-config="true" signature="createObj()[pri:0, instance:com.crm.qa.testCases.ContactsPageTest@3e08ff24]" started-at="2023-02-12T10:45:12 IST" name="createObj" finished-at="2023-02-12T10:45:38 IST" duration-ms="25440" status="PASS">
          <reporter-output>
          </reporter-output>
        </test-method> <!-- createObj -->
        <test-method signature="validateCreateNewContact(java.lang.String,java.lang.String,java.lang.String,java.lang.String,java.lang.String)[pri:3, instance:com.crm.qa.testCases.ContactsPageTest@3e08ff24]" started-at="2023-02-12T10:45:38 IST" name="validateCreateNewContact" data-provider="getcontactTestData" finished-at="2023-02-12T10:46:09 IST" duration-ms="30990" status="FAIL">
          <params>
            <param index="0">
              <value>
                <![CDATA[Dr.]]>
              </value>
            </param>
            <param index="1">
              <value>
                <![CDATA[Saga]]>
              </value>
            </param>
            <param index="2">
              <value>
                <![CDATA[Pride]]>
              </value>
            </param>
            <param index="3">
              <value>
                <![CDATA[Wipro]]>
              </value>
            </param>
            <param index="4">
              <value>
                <![CDATA[9.492859529E9]]>
              </value>
            </param>
          </params>
          <exception class="org.openqa.selenium.ElementNotInteractableException">
            <message>
              <![CDATA[element not interactable
  (Session info: chrome=109.0.5414.120)
Build info: version: '4.8.0', revision: '267030adea'
System info: os.name: 'Windows 10', os.arch: 'amd64', os.version: '10.0', java.version: '17.0.4.1'
Driver info: org.openqa.selenium.chrome.ChromeDriver
Command: [b76b9a430e10bd69b02c0362dce2d733, clickElement {id=f009d469-1903-4504-a2c3-54f0879ddfa8}]
Capabilities {acceptInsecureCerts: false, browserName: chrome, browserVersion: 109.0.5414.120, chrome: {chromedriverVersion: 109.0.5414.74 (e7c5703604da..., userDataDir: C:\Users\VEEREN~1\AppData\L...}, goog:chromeOptions: {debuggerAddress: localhost:58440}, networkConnectionEnabled: false, pageLoadStrategy: normal, platformName: WINDOWS, proxy: Proxy(), se:cdp: ws://localhost:58440/devtoo..., se:cdpVersion: 109.0.5414.120, setWindowRect: true, strictFileInteractability: false, timeouts: {implicit: 0, pageLoad: 300000, script: 30000}, unhandledPromptBehavior: dismiss and notify, webauthn:extension:credBlob: true, webauthn:extension:largeBlob: true, webauthn:virtualAuthenticators: true}
Element: [[ChromeDriver: chrome on WINDOWS (b76b9a430e10bd69b02c0362dce2d733)] -> xpath: //a[@title='New Contact']]
Session ID: b76b9a430e10bd69b02c0362dce2d733]]>
            </message>
            <full-stacktrace>
              <![CDATA[org.openqa.selenium.ElementNotInteractableException: element not interactable
  (Session info: chrome=109.0.5414.120)
Build info: version: '4.8.0', revision: '267030adea'
System info: os.name: 'Windows 10', os.arch: 'amd64', os.version: '10.0', java.version: '17.0.4.1'
Driver info: org.openqa.selenium.chrome.ChromeDriver
Command: [b76b9a430e10bd69b02c0362dce2d733, clickElement {id=f009d469-1903-4504-a2c3-54f0879ddfa8}]
Capabilities {acceptInsecureCerts: false, browserName: chrome, browserVersion: 109.0.5414.120, chrome: {chromedriverVersion: 109.0.5414.74 (e7c5703604da..., userDataDir: C:\Users\VEEREN~1\AppData\L...}, goog:chromeOptions: {debuggerAddress: localhost:58440}, networkConnectionEnabled: false, pageLoadStrategy: normal, platformName: WINDOWS, proxy: Proxy(), se:cdp: ws://localhost:58440/devtoo..., se:cdpVersion: 109.0.5414.120, setWindowRect: true, strictFileInteractability: false, timeouts: {implicit: 0, pageLoad: 300000, script: 30000}, unhandledPromptBehavior: dismiss and notify, webauthn:extension:credBlob: true, webauthn:extension:largeBlob: true, webauthn:virtualAuthenticators: true}
Element: [[ChromeDriver: chrome on WINDOWS (b76b9a430e10bd69b02c0362dce2d733)] -> xpath: //a[@title='New Contact']]
Session ID: b76b9a430e10bd69b02c0362dce2d733
at java.base/jdk.internal.reflect.NativeConstructorAccessorImpl.newInstance0(Native Method)
at java.base/jdk.internal.reflect.NativeConstructorAccessorImpl.newInstance(NativeConstructorAccessorImpl.java:77)
at java.base/jdk.internal.reflect.DelegatingConstructorAccessorImpl.newInstance(DelegatingConstructorAccessorImpl.java:45)
at java.base/java.lang.reflect.Constructor.newInstanceWithCaller(Constructor.java:499)
at java.base/java.lang.reflect.Constructor.newInstance(Constructor.java:480)
at org.openqa.selenium.remote.codec.w3c.W3CHttpResponseCodec.createException(W3CHttpResponseCodec.java:200)
at org.openqa.selenium.remote.codec.w3c.W3CHttpResponseCodec.decode(W3CHttpResponseCodec.java:133)
at org.openqa.selenium.remote.codec.w3c.W3CHttpResponseCodec.decode(W3CHttpResponseCodec.java:53)
at org.openqa.selenium.remote.HttpCommandExecutor.execute(HttpCommandExecutor.java:184)
at org.openqa.selenium.remote.service.DriverCommandExecutor.invokeExecute(DriverCommandExecutor.java:167)
at org.openqa.selenium.remote.service.DriverCommandExecutor.execute(DriverCommandExecutor.java:142)
at org.openqa.selenium.remote.RemoteWebDriver.execute(RemoteWebDriver.java:543)
at org.openqa.selenium.remote.RemoteWebElement.execute(RemoteWebElement.java:257)
at org.openqa.selenium.remote.RemoteWebElement.click(RemoteWebElement.java:78)
at jdk.internal.reflect.GeneratedMethodAccessor7.invoke(Unknown Source)
at java.base/jdk.internal.reflect.DelegatingMethodAccessorImpl.invoke(DelegatingMethodAccessorImpl.java:43)
at java.base/java.lang.reflect.Method.invoke(Method.java:568)
at org.openqa.selenium.support.events.EventFiringWebDriver$EventFiringWebElement.lambda$new$0(EventFiringWebDriver.java:378)
at jdk.proxy2/jdk.proxy2.$Proxy20.click(Unknown Source)
at org.openqa.selenium.support.events.EventFiringWebDriver$EventFiringWebElement.click(EventFiringWebDriver.java:391)
at jdk.internal.reflect.GeneratedMethodAccessor7.invoke(Unknown Source)
at java.base/jdk.internal.reflect.DelegatingMethodAccessorImpl.invoke(DelegatingMethodAccessorImpl.java:43)
at java.base/java.lang.reflect.Method.invoke(Method.java:568)
at org.openqa.selenium.support.pagefactory.internal.LocatingElementHandler.invoke(LocatingElementHandler.java:52)
at jdk.proxy2/jdk.proxy2.$Proxy19.click(Unknown Source)
at com.crm.qa.pageObjects.HomePage.clickonNewContact(HomePage.java:60)
at com.crm.qa.testCases.ContactsPageTest.validateCreateNewContact(ContactsPageTest.java:52)
at java.base/jdk.internal.reflect.NativeMethodAccessorImpl.invoke0(Native Method)
at java.base/jdk.internal.reflect.NativeMethodAccessorImpl.invoke(NativeMethodAccessorImpl.java:77)
at java.base/jdk.internal.reflect.DelegatingMethodAccessorImpl.invoke(DelegatingMethodAccessorImpl.java:43)
at java.base/java.lang.reflect.Method.invoke(Method.java:568)
at org.testng.internal.MethodInvocationHelper.invokeMethod(MethodInvocationHelper.java:133)
at org.testng.internal.TestInvoker.invokeMethod(TestInvoker.java:598)
at org.testng.internal.TestInvoker.invokeTestMethod(TestInvoker.java:173)
at org.testng.internal.MethodRunner.runInSequence(MethodRunner.java:46)
at org.testng.internal.TestInvoker$MethodInvocationAgent.invoke(TestInvoker.java:824)
at org.testng.internal.TestInvoker.invokeTestMethods(TestInvoker.java:146)
at org.testng.internal.TestMethodWorker.invokeTestMethods(TestMethodWorker.java:146)
at org.testng.internal.TestMethodWorker.run(TestMethodWorker.java:128)
at java.base/java.util.ArrayList.forEach(ArrayList.java:1511)
at org.testng.TestRunner.privateRun(TestRunner.java:794)
at org.testng.TestRunner.run(TestRunner.java:596)
at org.testng.SuiteRunner.runTest(SuiteRunner.java:377)
at org.testng.SuiteRunner.runSequentially(SuiteRunner.java:371)
at org.testng.SuiteRunner.privateRun(SuiteRunner.java:332)
at org.testng.SuiteRunner.run(SuiteRunner.java:276)
at org.testng.SuiteRunnerWorker.runSuite(SuiteRunnerWorker.java:53)
at org.testng.SuiteRunnerWorker.run(SuiteRunnerWorker.java:96)
at org.testng.TestNG.runSuitesSequentially(TestNG.java:1212)
at org.testng.TestNG.runSuitesLocally(TestNG.java:1134)
at org.testng.TestNG.runSuites(TestNG.java:1063)
at org.testng.TestNG.run(TestNG.java:1031)
at org.testng.remote.AbstractRemoteTestNG.run(AbstractRemoteTestNG.java:115)
at org.testng.remote.RemoteTestNG.initAndRun(RemoteTestNG.java:251)
at org.testng.remote.RemoteTestNG.main(RemoteTestNG.java:77)
]]>
            </full-stacktrace>
          </exception> <!-- org.openqa.selenium.ElementNotInteractableException -->
          <reporter-output>
          </reporter-output>
        </test-method> <!-- validateCreateNewContact -->
        <test-method is-config="true" signature="tearDown()[pri:0, instance:com.crm.qa.testCases.ContactsPageTest@3e08ff24]" started-at="2023-02-12T10:46:09 IST" name="tearDown" finished-at="2023-02-12T10:46:09 IST" duration-ms="395" status="PASS">
          <reporter-output>
          </reporter-output>
        </test-method> <!-- tearDown -->
        <test-method is-config="true" signature="createObj()[pri:0, instance:com.crm.qa.testCases.ContactsPageTest@3e08ff24]" started-at="2023-02-12T10:46:09 IST" name="createObj" finished-at="2023-02-12T10:46:37 IST" duration-ms="27420" status="PASS">
          <reporter-output>
          </reporter-output>
        </test-method> <!-- createObj -->
        <test-method signature="validateCreateNewContact(java.lang.String,java.lang.String,java.lang.String,java.lang.String,java.lang.String)[pri:3, instance:com.crm.qa.testCases.ContactsPageTest@3e08ff24]" started-at="2023-02-12T10:46:37 IST" name="validateCreateNewContact" data-provider="getcontactTestData" finished-at="2023-02-12T10:46:45 IST" duration-ms="8558" status="PASS">
          <params>
            <param index="0">
              <value>
                <![CDATA[Mr.]]>
              </value>
            </param>
            <param index="1">
              <value>
                <![CDATA[Radha]]>
              </value>
            </param>
            <param index="2">
              <value>
                <![CDATA[Shayam]]>
              </value>
            </param>
            <param index="3">
              <value>
                <![CDATA[TechM]]>
              </value>
            </param>
            <param index="4">
              <value>
                <![CDATA[9.49285953E9]]>
              </value>
            </param>
          </params>
          <reporter-output>
          </reporter-output>
        </test-method> <!-- validateCreateNewContact -->
        <test-method is-config="true" signature="tearDown()[pri:0, instance:com.crm.qa.testCases.ContactsPageTest@3e08ff24]" started-at="2023-02-12T10:46:45 IST" name="tearDown" finished-at="2023-02-12T10:46:46 IST" duration-ms="407" status="PASS">
          <reporter-output>
          </reporter-output>
        </test-method> <!-- tearDown -->
        <test-method is-config="true" signature="createObj()[pri:0, instance:com.crm.qa.testCases.ContactsPageTest@3e08ff24]" started-at="2023-02-12T10:46:46 IST" name="createObj" finished-at="2023-02-12T10:47:12 IST" duration-ms="26480" status="PASS">
          <reporter-output>
          </reporter-output>
        </test-method> <!-- createObj -->
        <test-method signature="validateCreateNewContact(java.lang.String,java.lang.String,java.lang.String,java.lang.String,java.lang.String)[pri:3, instance:com.crm.qa.testCases.ContactsPageTest@3e08ff24]" started-at="2023-02-12T10:47:12 IST" name="validateCreateNewContact" data-provider="getcontactTestData" finished-at="2023-02-12T10:47:21 IST" duration-ms="8785" status="PASS">
          <params>
            <param index="0">
              <value>
                <![CDATA[Mr.]]>
              </value>
            </param>
            <param index="1">
              <value>
                <![CDATA[Rama]]>
              </value>
            </param>
            <param index="2">
              <value>
                <![CDATA[Rao]]>
              </value>
            </param>
            <param index="3">
              <value>
                <![CDATA[CTS]]>
              </value>
            </param>
            <param index="4">
              <value>
                <![CDATA[9.492859531E9]]>
              </value>
            </param>
          </params>
          <reporter-output>
          </reporter-output>
        </test-method> <!-- validateCreateNewContact -->
        <test-method is-config="true" signature="tearDown()[pri:0, instance:com.crm.qa.testCases.ContactsPageTest@3e08ff24]" started-at="2023-02-12T10:47:21 IST" name="tearDown" finished-at="2023-02-12T10:47:21 IST" duration-ms="546" status="PASS">
          <reporter-output>
          </reporter-output>
        </test-method> <!-- tearDown -->
      </class> <!-- com.crm.qa.testCases.ContactsPageTest -->
      <class name="com.crm.qa.testCases.LoginPageTest">
        <test-method is-config="true" signature="createObj()[pri:0, instance:com.crm.qa.testCases.LoginPageTest@4b013c76]" started-at="2023-02-12T10:41:16 IST" name="createObj" finished-at="2023-02-12T10:41:36 IST" duration-ms="19047" status="PASS">
          <reporter-output>
          </reporter-output>
        </test-method> <!-- createObj -->
        <test-method signature="loginPageTitleTest()[pri:1, instance:com.crm.qa.testCases.LoginPageTest@4b013c76]" started-at="2023-02-12T10:41:36 IST" name="loginPageTitleTest" finished-at="2023-02-12T10:41:36 IST" duration-ms="103" status="PASS">
          <reporter-output>
          </reporter-output>
        </test-method> <!-- loginPageTitleTest -->
        <test-method is-config="true" signature="tearDown()[pri:0, instance:com.crm.qa.testCases.LoginPageTest@4b013c76]" started-at="2023-02-12T10:41:36 IST" name="tearDown" finished-at="2023-02-12T10:41:37 IST" duration-ms="1183" status="PASS">
          <reporter-output>
          </reporter-output>
        </test-method> <!-- tearDown -->
        <test-method is-config="true" signature="createObj()[pri:0, instance:com.crm.qa.testCases.LoginPageTest@4b013c76]" started-at="2023-02-12T10:41:37 IST" name="createObj" finished-at="2023-02-12T10:41:49 IST" duration-ms="12312" status="PASS">
          <reporter-output>
          </reporter-output>
        </test-method> <!-- createObj -->
        <test-method signature="crmLogoTest()[pri:2, instance:com.crm.qa.testCases.LoginPageTest@4b013c76]" started-at="2023-02-12T10:41:49 IST" name="crmLogoTest" finished-at="2023-02-12T10:41:50 IST" duration-ms="474" status="PASS">
          <reporter-output>
          </reporter-output>
        </test-method> <!-- crmLogoTest -->
        <test-method is-config="true" signature="tearDown()[pri:0, instance:com.crm.qa.testCases.LoginPageTest@4b013c76]" started-at="2023-02-12T10:41:50 IST" name="tearDown" finished-at="2023-02-12T10:41:50 IST" duration-ms="856" status="PASS">
          <reporter-output>
          </reporter-output>
        </test-method> <!-- tearDown -->
        <test-method is-config="true" signature="createObj()[pri:0, instance:com.crm.qa.testCases.LoginPageTest@4b013c76]" started-at="2023-02-12T10:41:50 IST" name="createObj" finished-at="2023-02-12T10:42:02 IST" duration-ms="11554" status="PASS">
          <reporter-output>
          </reporter-output>
        </test-method> <!-- createObj -->
        <test-method signature="loginTest()[pri:3, instance:com.crm.qa.testCases.LoginPageTest@4b013c76]" started-at="2023-02-12T10:42:02 IST" name="loginTest" finished-at="2023-02-12T10:42:17 IST" duration-ms="14896" status="PASS">
          <reporter-output>
          </reporter-output>
        </test-method> <!-- loginTest -->
        <test-method is-config="true" signature="tearDown()[pri:0, instance:com.crm.qa.testCases.LoginPageTest@4b013c76]" started-at="2023-02-12T10:42:17 IST" name="tearDown" finished-at="2023-02-12T10:42:17 IST" duration-ms="352" status="PASS">
          <reporter-output>
          </reporter-output>
        </test-method> <!-- tearDown -->
      </class> <!-- com.crm.qa.testCases.LoginPageTest -->
    </test> <!-- Free CRM Test Case -->
  </suite> <!-- Free CRM Test Suite -->
</testng-results>
